1363903886|2013-03-21 22:11:26|Warning: func_get_arg():  Argument 3 not passed to function; /core/core.php:2085;
1363903910|2013-03-21 22:11:50|Warning: trim() expects parameter 1 to be string, array given; /core/core.php:2042;
1363903910|2013-03-21 22:11:50|Warning: join(): Invalid arguments passed; /inc/editnews.php:613;
1363903914|2013-03-21 22:11:54|Warning: trim() expects parameter 1 to be string, array given; /core/core.php:2042;
1363903971|2013-03-21 22:12:51|Warning: trim() expects parameter 1 to be string, array given; /core/core.php:2042;
1363904201|2013-03-21 22:16:41|Warning: func_get_arg():  Argument 3 not passed to function; /core/core.php:2085;
1363906335|2013-03-21 22:52:15|Warning: func_get_arg():  Argument 3 not passed to function; /core/core.php:2085;
1363907172|2013-03-21 23:06:12|Warning: func_get_arg():  Argument 3 not passed to function; /core/core.php:2085;
1363907182|2013-03-21 23:06:22|Warning: func_get_arg():  Argument 3 not passed to function; /core/core.php:2085;
1363907182|2013-03-21 23:06:22|Warning: func_get_arg():  Argument 3 not passed to function; /core/core.php:2085;
1363907497|2013-03-21 23:11:37|Warning: trim() expects parameter 1 to be string, array given; /core/core.php:2042;
1363907497|2013-03-21 23:11:37|Warning: join(): Invalid arguments passed; /inc/editnews.php:613;
1363908222|2013-03-21 23:23:42|Warning: trim() expects parameter 1 to be string, array given; /core/core.php:2042;
1363908291|2013-03-21 23:24:51|Warning: trim() expects parameter 1 to be string, array given; /core/core.php:2042;
1363908375|2013-03-21 23:26:15|Warning: trim() expects parameter 1 to be string, array given; /core/core.php:2042;
1363908439|2013-03-21 23:27:19|Warning: trim() expects parameter 1 to be string, array given; /core/core.php:2042;
1363908499|2013-03-21 23:28:19|Warning: trim() expects parameter 1 to be string, array given; /core/core.php:2042;
1363908540|2013-03-21 23:29:00|Warning: trim() expects parameter 1 to be string, array given; /core/core.php:2042;
1363908649|2013-03-21 23:30:49|Warning: trim() expects parameter 1 to be string, array given; /core/core.php:2042;
1363908676|2013-03-21 23:31:16|Warning: trim() expects parameter 1 to be string, array given; /core/core.php:2042;
1363908698|2013-03-21 23:31:38|Warning: func_get_arg():  Argument 3 not passed to function; /core/core.php:2085;
1363910082|2013-03-21 23:54:42|Warning: trim() expects parameter 1 to be string, array given; /core/core.php:2042;
1363910091|2013-03-21 23:54:51|Warning: func_get_arg():  Argument 3 not passed to function; /core/core.php:2085;
1363910234|2013-03-21 23:57:14|Warning: func_get_arg():  Argument 3 not passed to function; /core/core.php:2085;
1363910290|2013-03-21 23:58:10|Warning: func_get_arg():  Argument 3 not passed to function; /core/core.php:2085;
1363910302|2013-03-21 23:58:22|Warning: func_get_arg():  Argument 3 not passed to function; /core/core.php:2085;
1363910343|2013-03-21 23:59:03|Warning: func_get_arg():  Argument 3 not passed to function; /core/core.php:2085;
1363910602|2013-03-22 00:03:22|Warning: trim() expects parameter 1 to be string, array given; /core/core.php:2042;
1363910602|2013-03-22 00:03:22|Warning: join(): Invalid arguments passed; /inc/editnews.php:613;
1363910608|2013-03-22 00:03:28|Warning: trim() expects parameter 1 to be string, array given; /core/core.php:2042;
1363910685|2013-03-22 00:04:45|Warning: func_get_arg():  Argument 3 not passed to function; /core/core.php:2085;
1363910858|2013-03-22 00:07:38|Warning: func_get_arg():  Argument 3 not passed to function; /core/core.php:2085;
1363910880|2013-03-22 00:08:00|Warning: trim() expects parameter 1 to be string, array given; /core/core.php:2042;
1363910880|2013-03-22 00:08:00|Warning: join(): Invalid arguments passed; /inc/editnews.php:613;
1363910912|2013-03-22 00:08:32|Warning: trim() expects parameter 1 to be string, array given; /core/core.php:2042;
1363910923|2013-03-22 00:08:43|Warning: func_get_arg():  Argument 3 not passed to function; /core/core.php:2085;
1363910967|2013-03-22 00:09:27|Warning: trim() expects parameter 1 to be string, array given; /core/core.php:2042;
1363910993|2013-03-22 00:09:53|Warning: trim() expects parameter 1 to be string, array given; /core/core.php:2042;
1363911026|2013-03-22 00:10:26|Warning: func_get_arg():  Argument 3 not passed to function; /core/core.php:2085;
1363911061|2013-03-22 00:11:01|Warning: func_get_arg():  Argument 3 not passed to function; /core/core.php:2085;
1363911119|2013-03-22 00:11:59|Warning: func_get_arg():  Argument 3 not passed to function; /core/core.php:2085;
1363911177|2013-03-22 00:12:57|Warning: func_get_arg():  Argument 3 not passed to function; /core/core.php:2085;
1363911194|2013-03-22 00:13:14|Warning: func_get_arg():  Argument 3 not passed to function; /core/core.php:2085;
1363911214|2013-03-22 00:13:34|Warning: func_get_arg():  Argument 3 not passed to function; /core/core.php:2085;
1363911224|2013-03-22 00:13:44|Warning: func_get_arg():  Argument 3 not passed to function; /core/core.php:2085;
1363911255|2013-03-22 00:14:15|Warning: trim() expects parameter 1 to be string, array given; /core/core.php:2042;
1363911258|2013-03-22 00:14:18|Warning: func_get_arg():  Argument 3 not passed to function; /core/core.php:2085;
1363911272|2013-03-22 00:14:32|Warning: trim() expects parameter 1 to be string, array given; /core/core.php:2042;
1363911276|2013-03-22 00:14:36|Warning: func_get_arg():  Argument 3 not passed to function; /core/core.php:2085;
1363911309|2013-03-22 00:15:09|Warning: trim() expects parameter 1 to be string, array given; /core/core.php:2042;
1363911319|2013-03-22 00:15:19|Warning: trim() expects parameter 1 to be string, array given; /core/core.php:2042;
1363912055|2013-03-22 00:27:35|Warning: trim() expects parameter 1 to be string, array given; /core/core.php:2042;
1363912120|2013-03-22 00:28:40|Warning: trim() expects parameter 1 to be string, array given; /core/core.php:2042;
1363912138|2013-03-22 00:28:58|Warning: trim() expects parameter 1 to be string, array given; /core/core.php:2042;
1363912152|2013-03-22 00:29:12|Warning: trim() expects parameter 1 to be string, array given; /core/core.php:2042;
1363912342|2013-03-22 00:32:22|Warning: func_get_arg():  Argument 3 not passed to function; /core/core.php:2085;
1363912462|2013-03-22 00:34:22|Warning: func_get_arg():  Argument 3 not passed to function; /core/core.php:2085;
1363912479|2013-03-22 00:34:39|Warning: func_get_arg():  Argument 3 not passed to function; /core/core.php:2085;
1363912484|2013-03-22 00:34:44|Warning: func_get_arg():  Argument 3 not passed to function; /core/core.php:2085;
1363912545|2013-03-22 00:35:45|Warning: func_get_arg():  Argument 3 not passed to function; /core/core.php:2085;
1363913300|2013-03-22 00:48:20|Warning: func_get_arg():  Argument 3 not passed to function; /core/core.php:2085;
1363945469|2013-03-22 09:44:29|Warning: date() expects parameter 2 to be long, string given; /inc/editusers.php:26;
1363946525|2013-03-22 10:02:05|Warning: trim() expects parameter 1 to be string, array given; /core/core.php:2042;
1363946537|2013-03-22 10:02:17|Warning: func_get_arg():  Argument 3 not passed to function; /core/core.php:2085;
1363947584|2013-03-22 10:19:44|Warning: func_get_arg():  Argument 3 not passed to function; /core/core.php:2085;
1363949977|2013-03-22 10:59:37|Warning: func_get_arg():  Argument 3 not passed to function; /core/core.php:2085;
1363951540|2013-03-22 11:25:40|Warning: func_get_arg():  Argument 3 not passed to function; /core/core.php:2085;
1363987613|2013-03-22 21:26:53|Warning: date() expects parameter 2 to be long, string given; /inc/editusers.php:26;
1363987697|2013-03-22 21:28:17|Warning: date() expects parameter 2 to be long, string given; /inc/editusers.php:26;
1364003720|2013-03-23 01:55:20|Warning: include(path/to/show_archives.php): failed to open stream: No such file or directory; test.php:48;
1364003720|2013-03-23 01:55:20|Warning: include(): Failed opening 'path/to/show_archives.php' for inclusion (include_path='.:/usr/share/php:/usr/share/pear'); test.php:48;
1364003722|2013-03-23 01:55:22|Warning: include(path/to/show_archives.php): failed to open stream: No such file or directory; test.php:48;
1364003722|2013-03-23 01:55:22|Warning: include(): Failed opening 'path/to/show_archives.php' for inclusion (include_path='.:/usr/share/php:/usr/share/pear'); test.php:48;
1364003875|2013-03-23 01:57:55|Warning: func_get_arg():  Argument 3 not passed to function; /core/core.php:2085;
1364003875|2013-03-23 01:57:55|Warning: func_get_arg():  Argument 3 not passed to function; /core/core.php:2085;
1364003944|2013-03-23 01:59:04|Warning: func_get_arg():  Argument 3 not passed to function; /core/core.php:2085;
1364003944|2013-03-23 01:59:04|Warning: func_get_arg():  Argument 3 not passed to function; /core/core.php:2085;
1364003946|2013-03-23 01:59:06|Warning: func_get_arg():  Argument 3 not passed to function; /core/core.php:2085;
1364003946|2013-03-23 01:59:06|Warning: func_get_arg():  Argument 3 not passed to function; /core/core.php:2085;
1364003957|2013-03-23 01:59:17|Warning: func_get_arg():  Argument 3 not passed to function; /core/core.php:2085;
1364003957|2013-03-23 01:59:17|Warning: func_get_arg():  Argument 3 not passed to function; /core/core.php:2085;
1364003958|2013-03-23 01:59:18|Warning: func_get_arg():  Argument 3 not passed to function; /core/core.php:2085;
1364003958|2013-03-23 01:59:18|Warning: func_get_arg():  Argument 3 not passed to function; /core/core.php:2085;
1364003984|2013-03-23 01:59:44|Warning: func_get_arg():  Argument 3 not passed to function; /core/core.php:2085;
1364003984|2013-03-23 01:59:44|Warning: func_get_arg():  Argument 3 not passed to function; /core/core.php:2085;
1364003986|2013-03-23 01:59:46|Warning: func_get_arg():  Argument 3 not passed to function; /core/core.php:2085;
1364003986|2013-03-23 01:59:46|Warning: func_get_arg():  Argument 3 not passed to function; /core/core.php:2085;
1364048330|2013-03-23 14:18:50|Warning: func_get_arg():  Argument 3 not passed to function; /core/core.php:2085;
1364048645|2013-03-23 14:24:05|Warning: trim() expects parameter 1 to be string, array given; /core/core.php:2042;
1364050807|2013-03-23 15:00:07|Warning: func_get_arg():  Argument 3 not passed to function; /core/core.php:2085;
1364050807|2013-03-23 15:00:07|Warning: func_get_arg():  Argument 3 not passed to function; /core/core.php:2085;
1364050859|2013-03-23 15:00:59|Warning: func_get_arg():  Argument 3 not passed to function; /core/core.php:2085;
1364050859|2013-03-23 15:00:59|Warning: func_get_arg():  Argument 3 not passed to function; /core/core.php:2085;
1364050859|2013-03-23 15:00:59|Warning: func_get_arg():  Argument 3 not passed to function; /core/core.php:2085;
1364050859|2013-03-23 15:00:59|Warning: func_get_arg():  Argument 3 not passed to function; /core/core.php:2085;
1364050882|2013-03-23 15:01:22|Warning: func_get_arg():  Argument 3 not passed to function; /core/core.php:2085;
1364050882|2013-03-23 15:01:22|Warning: func_get_arg():  Argument 3 not passed to function; /core/core.php:2085;
1364050882|2013-03-23 15:01:22|Warning: func_get_arg():  Argument 3 not passed to function; /core/core.php:2085;
1364050882|2013-03-23 15:01:22|Warning: func_get_arg():  Argument 3 not passed to function; /core/core.php:2085;
1364053347|2013-03-23 15:42:27|Warning: trim() expects parameter 1 to be string, array given; /core/core.php:2042;
1364053347|2013-03-23 15:42:27|Warning: join(): Invalid arguments passed; /inc/editnews.php:613;
1364053357|2013-03-23 15:42:37|Warning: trim() expects parameter 1 to be string, array given; /core/core.php:2042;
1364053363|2013-03-23 15:42:43|Warning: func_get_arg():  Argument 3 not passed to function; /core/core.php:2085;
1364053363|2013-03-23 15:42:43|Warning: func_get_arg():  Argument 3 not passed to function; /core/core.php:2085;
1364053929|2013-03-23 15:52:09|Warning: func_get_arg():  Argument 3 not passed to function; /core/core.php:2085;
1364053960|2013-03-23 15:52:40|Warning: func_get_arg():  Argument 3 not passed to function; /core/core.php:2085;
1364053966|2013-03-23 15:52:46|Warning: func_get_arg():  Argument 3 not passed to function; /core/core.php:2085;
1364053973|2013-03-23 15:52:53|Warning: func_get_arg():  Argument 3 not passed to function; /core/core.php:2085;
1364057445|2013-03-23 16:50:45|Warning: func_get_arg():  Argument 3 not passed to function; /core/core.php:2085;
1364057585|2013-03-23 16:53:05|Warning: func_get_arg():  Argument 3 not passed to function; /core/core.php:2085;
1364057746|2013-03-23 16:55:46|Warning: date() expects parameter 2 to be long, string given; /inc/editusers.php:26;
1364057778|2013-03-23 16:56:18|Warning: func_get_arg():  Argument 3 not passed to function; /core/core.php:2085;
1364059677|2013-03-23 17:27:57|Warning: func_get_arg():  Argument 3 not passed to function; /core/core.php:2085;
1364061149|2013-03-23 17:52:29|Warning: func_get_arg():  Argument 3 not passed to function; /core/core.php:2085;
1364061262|2013-03-23 17:54:22|Warning: func_get_arg():  Argument 3 not passed to function; /core/core.php:2085;
1364068409|2013-03-23 19:53:29|Warning: func_get_arg():  Argument 3 not passed to function; /core/core.php:2085;
1364069163|2013-03-23 20:06:03|Warning: trim() expects parameter 1 to be string, array given; /core/core.php:2042;
1364069259|2013-03-23 20:07:39|Warning: func_get_arg():  Argument 3 not passed to function; /core/core.php:2085;
1364069305|2013-03-23 20:08:25|Warning: func_get_arg():  Argument 3 not passed to function; /core/core.php:2085;
1364069307|2013-03-23 20:08:27|Warning: func_get_arg():  Argument 3 not passed to function; /core/core.php:2085;
1364069309|2013-03-23 20:08:29|Warning: func_get_arg():  Argument 3 not passed to function; /core/core.php:2085;
1364069336|2013-03-23 20:08:56|Warning: func_get_arg():  Argument 3 not passed to function; /core/core.php:2085;
1364069357|2013-03-23 20:09:17|Warning: func_get_arg():  Argument 3 not passed to function; /core/core.php:2085;
1364069376|2013-03-23 20:09:36|Warning: func_get_arg():  Argument 3 not passed to function; /core/core.php:2085;
1364069378|2013-03-23 20:09:38|Warning: func_get_arg():  Argument 3 not passed to function; /core/core.php:2085;
1364069379|2013-03-23 20:09:39|Warning: func_get_arg():  Argument 3 not passed to function; /core/core.php:2085;
1364069386|2013-03-23 20:09:46|Warning: func_get_arg():  Argument 3 not passed to function; /core/core.php:2085;
1364069386|2013-03-23 20:09:46|Warning: func_get_arg():  Argument 3 not passed to function; /core/core.php:2085;
1364069478|2013-03-23 20:11:18|Warning: func_get_arg():  Argument 3 not passed to function; /core/core.php:2085;
1364069478|2013-03-23 20:11:18|Warning: func_get_arg():  Argument 3 not passed to function; /core/core.php:2085;
1364069512|2013-03-23 20:11:52|Warning: func_get_arg():  Argument 3 not passed to function; /core/core.php:2085;
1364069518|2013-03-23 20:11:58|Warning: func_get_arg():  Argument 3 not passed to function; /core/core.php:2085;
1364069518|2013-03-23 20:11:58|Warning: func_get_arg():  Argument 3 not passed to function; /core/core.php:2085;
1364069550|2013-03-23 20:12:30|Warning: func_get_arg():  Argument 3 not passed to function; /core/core.php:2085;
1364069552|2013-03-23 20:12:32|Warning: func_get_arg():  Argument 3 not passed to function; /core/core.php:2085;
1364069561|2013-03-23 20:12:41|Warning: func_get_arg():  Argument 3 not passed to function; /core/core.php:2085;
1364069564|2013-03-23 20:12:44|Warning: func_get_arg():  Argument 3 not passed to function; /core/core.php:2085;
1364069576|2013-03-23 20:12:56|Warning: func_get_arg():  Argument 3 not passed to function; /core/core.php:2085;
1364069631|2013-03-23 20:13:51|Warning: func_get_arg():  Argument 3 not passed to function; /core/core.php:2085;
1364069675|2013-03-23 20:14:35|Warning: trim() expects parameter 1 to be string, array given; /core/core.php:2042;
1364069678|2013-03-23 20:14:38|Warning: func_get_arg():  Argument 3 not passed to function; /core/core.php:2085;
1364069743|2013-03-23 20:15:43|Warning: func_get_arg():  Argument 3 not passed to function; /core/core.php:2085;
1364069753|2013-03-23 20:15:53|Warning: func_get_arg():  Argument 3 not passed to function; /core/core.php:2085;
1364069824|2013-03-23 20:17:04|Warning: trim() expects parameter 1 to be string, array given; /core/core.php:2042;
1364069826|2013-03-23 20:17:06|Warning: func_get_arg():  Argument 3 not passed to function; /core/core.php:2085;
1364069827|2013-03-23 20:17:07|Warning: func_get_arg():  Argument 3 not passed to function; /core/core.php:2085;
1364069829|2013-03-23 20:17:09|Warning: func_get_arg():  Argument 3 not passed to function; /core/core.php:2085;
1364069830|2013-03-23 20:17:10|Warning: func_get_arg():  Argument 3 not passed to function; /core/core.php:2085;
1364069842|2013-03-23 20:17:22|Warning: trim() expects parameter 1 to be string, array given; /core/core.php:2042;
1364069851|2013-03-23 20:17:31|Warning: trim() expects parameter 1 to be string, array given; /core/core.php:2042;
1364070951|2013-03-23 20:35:51|Warning: func_get_arg():  Argument 3 not passed to function; /core/core.php:2085;
1364071400|2013-03-23 20:43:20|Warning: date() expects parameter 2 to be long, string given; /inc/editusers.php:26;
1364071461|2013-03-23 20:44:21|Warning: strpos(): Empty delimiter; /core/core.php:1888;
1364071528|2013-03-23 20:45:28|Warning: strpos(): Empty delimiter; /core/core.php:1888;
1364071533|2013-03-23 20:45:33|Warning: func_get_arg():  Argument 3 not passed to function; /core/core.php:2085;
1364071540|2013-03-23 20:45:40|Warning: func_get_arg():  Argument 3 not passed to function; /core/core.php:2085;
1364071542|2013-03-23 20:45:42|Warning: func_get_arg():  Argument 3 not passed to function; /core/core.php:2085;
1364071658|2013-03-23 20:47:38|Warning: func_get_arg():  Argument 3 not passed to function; /core/core.php:2085;
1364079892|2013-03-23 23:04:52|Warning: func_get_arg():  Argument 3 not passed to function; /core/core.php:2085;
1364079905|2013-03-23 23:05:05|Warning: func_get_arg():  Argument 3 not passed to function; /core/core.php:2085;
1364081351|2013-03-23 23:29:11|Warning: func_get_arg():  Argument 3 not passed to function; /core/core.php:2085;
1364144357|2013-03-24 16:59:17|Warning: trim() expects parameter 1 to be string, array given; /core/core.php:2042;
1364144366|2013-03-24 16:59:26|Warning: func_get_arg():  Argument 3 not passed to function; /core/core.php:2085;
1364146723|2013-03-24 17:38:43|Warning: date() expects parameter 2 to be long, string given; /inc/editusers.php:26;
1364146982|2013-03-24 17:43:02|Warning: date() expects parameter 2 to be long, string given; /inc/editusers.php:26;
1364146982|2013-03-24 17:43:02|Warning: date() expects parameter 2 to be long, string given; /inc/editusers.php:26;
1364164818|2013-03-24 22:40:18|Warning: trim() expects parameter 1 to be string, array given; /core/core.php:2042;
1364164838|2013-03-24 22:40:38|Warning: trim() expects parameter 1 to be string, array given; /core/core.php:2042;
1364164845|2013-03-24 22:40:45|Warning: trim() expects parameter 1 to be string, array given; /core/core.php:2042;
1364164855|2013-03-24 22:40:55|Warning: trim() expects parameter 1 to be string, array given; /core/core.php:2042;
1364164862|2013-03-24 22:41:02|Warning: trim() expects parameter 1 to be string, array given; /core/core.php:2042;
1364209337|2013-03-25 11:02:17|Warning: func_get_arg():  Argument 3 not passed to function; /core/core.php:2085;
1364329661|2013-03-26 20:27:41|Warning: func_get_arg():  Argument 3 not passed to function; /core/core.php:2085;
1364329940|2013-03-26 20:32:20|Warning: date() expects parameter 2 to be long, string given; /inc/editusers.php:26;
1364329940|2013-03-26 20:32:20|Warning: date() expects parameter 2 to be long, string given; /inc/editusers.php:26;
1364330022|2013-03-26 20:33:42|Warning: date() expects parameter 2 to be long, string given; /inc/editusers.php:26;
1364330022|2013-03-26 20:33:42|Warning: date() expects parameter 2 to be long, string given; /inc/editusers.php:26;
1364895698|2013-04-02 10:41:38|Warning: func_get_arg():  Argument 3 not passed to function; /core/core.php:2085;
1364895726|2013-04-02 10:42:06|Warning: trim() expects parameter 1 to be string, array given; /core/core.php:2042;
1364895803|2013-04-02 10:43:23|Warning: trim() expects parameter 1 to be string, array given; /core/core.php:2042;
1364895862|2013-04-02 10:44:22|Warning: trim() expects parameter 1 to be string, array given; /core/core.php:2042;
1364896053|2013-04-02 10:47:33|Warning: trim() expects parameter 1 to be string, array given; /core/core.php:2042;
1364896073|2013-04-02 10:47:53|Warning: trim() expects parameter 1 to be string, array given; /core/core.php:2042;
1364896248|2013-04-02 10:50:48|Warning: trim() expects parameter 1 to be string, array given; /core/core.php:2042;
1364896798|2013-04-02 10:59:58|Warning: func_get_arg():  Argument 3 not passed to function; /core/core.php:2085;
1365001193|2013-04-03 15:59:53|Warning: trim() expects parameter 1 to be string, array given; /core/core.php:2042;
1365001201|2013-04-03 16:00:01|Warning: func_get_arg():  Argument 3 not passed to function; /core/core.php:2085;
1365001211|2013-04-03 16:00:11|Warning: trim() expects parameter 1 to be string, array given; /core/core.php:2042;
1365001216|2013-04-03 16:00:16|Warning: func_get_arg():  Argument 3 not passed to function; /core/core.php:2085;
1365001228|2013-04-03 16:00:28|Warning: func_get_arg():  Argument 3 not passed to function; /core/core.php:2085;
1365001236|2013-04-03 16:00:36|Warning: func_get_arg():  Argument 3 not passed to function; /core/core.php:2085;
1365001397|2013-04-03 16:03:17|Warning: func_get_arg():  Argument 3 not passed to function; /core/core.php:2085;
1365001398|2013-04-03 16:03:18|Warning: func_get_arg():  Argument 3 not passed to function; /core/core.php:2085;
1365002070|2013-04-03 16:14:30|Warning: trim() expects parameter 1 to be string, array given; /core/core.php:2042;
1365002104|2013-04-03 16:15:04|Warning: trim() expects parameter 1 to be string, array given; /core/core.php:2042;
1365002118|2013-04-03 16:15:18|Warning: trim() expects parameter 1 to be string, array given; /core/core.php:2042;
1365002159|2013-04-03 16:15:59|Warning: trim() expects parameter 1 to be string, array given; /core/core.php:2042;
1365002169|2013-04-03 16:16:09|Warning: trim() expects parameter 1 to be string, array given; /core/core.php:2042;
1365002237|2013-04-03 16:17:17|Warning: trim() expects parameter 1 to be string, array given; /core/core.php:2042;
1365002269|2013-04-03 16:17:49|Warning: trim() expects parameter 1 to be string, array given; /core/core.php:2042;
1365002278|2013-04-03 16:17:58|Warning: trim() expects parameter 1 to be string, array given; /core/core.php:2042;
1365002289|2013-04-03 16:18:09|Warning: trim() expects parameter 1 to be string, array given; /core/core.php:2042;
1365002336|2013-04-03 16:18:56|Warning: trim() expects parameter 1 to be string, array given; /core/core.php:2042;
1365002340|2013-04-03 16:19:00|Warning: func_get_arg():  Argument 3 not passed to function; /core/core.php:2085;
1365002344|2013-04-03 16:19:04|Warning: func_get_arg():  Argument 3 not passed to function; /core/core.php:2085;
1365814895|2013-04-13 02:01:35|Warning: func_get_arg():  Argument 3 not passed to function; /core/core.php:2085;
1365814900|2013-04-13 02:01:40|Warning: func_get_arg():  Argument 3 not passed to function; /core/core.php:2085;
1365814942|2013-04-13 02:02:22|Warning: trim() expects parameter 1 to be string, array given; /core/core.php:2042;
1365814950|2013-04-13 02:02:30|Warning: trim() expects parameter 1 to be string, array given; /core/core.php:2042;
1365814962|2013-04-13 02:02:42|Warning: func_get_arg():  Argument 3 not passed to function; /core/core.php:2085;
1365880993|2013-04-13 20:23:13|Warning: trim() expects parameter 1 to be string, array given; /core/core.php:2042;
1365881011|2013-04-13 20:23:31|Warning: trim() expects parameter 1 to be string, array given; /core/core.php:2042;
1365881064|2013-04-13 20:24:24|Warning: trim() expects parameter 1 to be string, array given; /core/core.php:2042;
1365881103|2013-04-13 20:25:03|Warning: trim() expects parameter 1 to be string, array given; /core/core.php:2042;
1365881132|2013-04-13 20:25:32|Warning: trim() expects parameter 1 to be string, array given; /core/core.php:2042;
1365881148|2013-04-13 20:25:48|Warning: trim() expects parameter 1 to be string, array given; /core/core.php:2042;
1365881162|2013-04-13 20:26:02|Warning: trim() expects parameter 1 to be string, array given; /core/core.php:2042;
1365881339|2013-04-13 20:28:59|Warning: func_get_arg():  Argument 3 not passed to function; /core/core.php:2085;
1365881363|2013-04-13 20:29:23|Warning: func_get_arg():  Argument 3 not passed to function; /core/core.php:2085;
1365881440|2013-04-13 20:30:40|Warning: trim() expects parameter 1 to be string, array given; /core/core.php:2042;
1365881442|2013-04-13 20:30:42|Warning: func_get_arg():  Argument 3 not passed to function; /core/core.php:2085;
1365881483|2013-04-13 20:31:23|Warning: func_get_arg():  Argument 3 not passed to function; /core/core.php:2085;
1366135114|2013-04-16 18:58:34|Warning: trim() expects parameter 1 to be string, array given; /core/core.php:2042;
1366135407|2013-04-16 19:03:27|Warning: trim() expects parameter 1 to be string, array given; /core/core.php:2042;
1366135578|2013-04-16 19:06:18|Warning: trim() expects parameter 1 to be string, array given; /core/core.php:2042;
1366135605|2013-04-16 19:06:45|Warning: trim() expects parameter 1 to be string, array given; /core/core.php:2042;
1366135621|2013-04-16 19:07:01|Warning: func_get_arg():  Argument 3 not passed to function; /core/core.php:2085;
1366135798|2013-04-16 19:09:58|Warning: func_get_arg():  Argument 3 not passed to function; /core/core.php:2085;
1366135823|2013-04-16 19:10:23|Warning: func_get_arg():  Argument 3 not passed to function; /core/core.php:2085;
1366141368|2013-04-16 20:42:48|Warning: func_get_arg():  Argument 3 not passed to function; /core/core.php:2085;
1366141423|2013-04-16 20:43:43|Warning: func_get_arg():  Argument 3 not passed to function; /core/core.php:2085;
1366232315|2013-04-17 21:58:35|Warning: trim() expects parameter 1 to be string, array given; /core/core.php:2042;
1366395210|2013-04-19 19:13:30|Warning: func_get_arg():  Argument 3 not passed to function; /core/core.php:2085;
1366395215|2013-04-19 19:13:35|Warning: func_get_arg():  Argument 3 not passed to function; /core/core.php:2085;
1366395219|2013-04-19 19:13:39|Warning: func_get_arg():  Argument 3 not passed to function; /core/core.php:2085;
1366395255|2013-04-19 19:14:15|Warning: func_get_arg():  Argument 3 not passed to function; /core/core.php:2085;
1366504258|2013-04-21 01:30:58|Warning: func_get_arg():  Argument 3 not passed to function; /core/core.php:2085;
1366543793|2013-04-21 12:29:53|Warning: func_get_arg():  Argument 3 not passed to function; /core/core.php:2085;
1366675920|2013-04-23 01:12:00|Warning: func_get_arg():  Argument 3 not passed to function; /core/core.php:2085;
1366732851|2013-04-23 17:00:51|Warning: mkdir(): Permission denied; /home/servers/servers/gatherweb/lib/Twig/lib/Twig/Environment.php:1198;
1366732853|2013-04-23 17:00:53|Warning: mkdir(): Permission denied; /home/servers/servers/gatherweb/lib/Twig/lib/Twig/Environment.php:1198;
1366732854|2013-04-23 17:00:54|Warning: mkdir(): Permission denied; /home/servers/servers/gatherweb/lib/Twig/lib/Twig/Environment.php:1198;
1366732884|2013-04-23 17:01:24|Warning: mkdir(): Permission denied; /home/servers/servers/gatherweb/lib/Twig/lib/Twig/Environment.php:1198;
1366732961|2013-04-23 17:02:41|Warning: mkdir(): Permission denied; /home/servers/servers/gatherweb/lib/Twig/lib/Twig/Environment.php:1198;
1366732962|2013-04-23 17:02:42|Warning: mkdir(): Permission denied; /home/servers/servers/gatherweb/lib/Twig/lib/Twig/Environment.php:1198;
1366732963|2013-04-23 17:02:43|Warning: mkdir(): Permission denied; /home/servers/servers/gatherweb/lib/Twig/lib/Twig/Environment.php:1198;
1366732963|2013-04-23 17:02:43|Warning: mkdir(): Permission denied; /home/servers/servers/gatherweb/lib/Twig/lib/Twig/Environment.php:1198;
1366737415|2013-04-23 18:16:55|: Object of class Site could not be converted to string; /core/core.php:199;
1366737415|2013-04-23 18:16:55|: Object of class Site could not be converted to string; /core/core.php:199;
1366738919|2013-04-23 18:41:59|: Object of class Site could not be converted to string; /core/core.php:199;
1366738919|2013-04-23 18:41:59|: Object of class Site could not be converted to string; /core/core.php:199;
